Flutter crash report; please file at https://github.com/flutter/flutter/issues.

## command

flutter --no-color run --machine --track-widget-creation --device-id=emulator-5554 lib/main.dart

## exception

_InternalLinkedHashMap<String, dynamic>: {code: 105, message: Isolate must be runnable, data: {request: {method: _reloadSources, params: {pause: true, rootLibUri: file:///data/user/0/souzaleandror.com.leitura_mockup_app/code_cache/leitura_mockup_appVRLJEG/leitura_mockup_app/lib/main.dart.incremental.dill, packagesUri: file:///data/user/0/souzaleandror.com.leitura_mockup_app/code_cache/leitura_mockup_appVRLJEG/leitura_mockup_app/.packages, isolateId: isolates/438055200}}, details: Isolate must be runnable before this request is made.}}

```
null```

## flutter doctor

```
[✓] Flutter (Channel stable, v1.7.8+hotfix.3, on Mac OS X 10.14.6 18G87, locale pt-IT)
    • Flutter version 1.7.8+hotfix.3 at /Users/leandrorodrigues/Documents/flutter
    • Framework revision b712a172f9 (8 weeks ago), 2019-07-09 13:14:38 -0700
    • Engine revision 54ad777fd2
    • Dart version 2.4.0

[✓] Android toolchain - develop for Android devices (Android SDK version 28.0.3)
    • Android SDK at /Users/leandrorodrigues/Library/Android/sdk
    • Android NDK location not configured (optional; useful for native profiling support)
    • Platform android-28, build-tools 28.0.3
    • Java binary at: /Applications/Android Studio.app/Contents/jre/jdk/Contents/Home/bin/java
    • Java version OpenJDK Runtime Environment (build 1.8.0_152-release-1343-b01)
    • All Android licenses accepted.

[✓] Xcode - develop for iOS and macOS (Xcode 10.3)
    • Xcode at /Applications/Xcode.app/Contents/Developer
    • Xcode 10.3, Build version 10G8
    • CocoaPods version 1.7.5

[✓] iOS tools - develop for iOS devices
    • ios-deploy 1.9.4

[✓] Android Studio (version 3.4)
    • Android Studio at /Applications/Android Studio.app/Contents
    • Flutter plugin version 38.2.1
    • Dart plugin version 183.6270
    • Java version OpenJDK Runtime Environment (build 1.8.0_152-release-1343-b01)

[✓] Connected device (2 available)
    • Android SDK built for x86 • emulator-5554                        • android-x86 • Android 8.1.0 (API 27) (emulator)
    • iPhone 6                  • B4D3A1B8-7C64-4356-83D4-04E0074105E8 • ios         • com.apple.CoreSimulator.SimRuntime.iOS-12-4 (simulator)

• No issues found!
```
